<?xml version="1.0" encoding="UTF-8"?>
<testng-results ignored="0" total="3" passed="3" failed="0" skipped="0">
  <reporter-output>
  </reporter-output>
  <suite started-at="2024-11-01T13:37:13 IST" name="Default suite" finished-at="2024-11-01T13:37:18 IST" duration-ms="4952">
    <groups>
    </groups>
    <test started-at="2024-11-01T13:37:13 IST" name="Default test" finished-at="2024-11-01T13:37:18 IST" duration-ms="4952">
      <class name="ReqResMockAPIAutomation.FetchGetUsers">
        <test-method signature="getUsersList()[pri:1, instance:ReqResMockAPIAutomation.FetchGetUsers@48075da3]" started-at="2024-11-01T13:37:13 IST" name="getUsersList" finished-at="2024-11-01T13:37:16 IST" duration-ms="3348" status="PASS">
          <reporter-output>
          </reporter-output>
        </test-method> <!-- getUsersList -->
        <test-method signature="getUsersList2()[pri:2, instance:ReqResMockAPIAutomation.FetchGetUsers@48075da3]" started-at="2024-11-01T13:37:16 IST" name="getUsersList2" finished-at="2024-11-01T13:37:16 IST" duration-ms="257" status="PASS">
          <reporter-output>
          </reporter-output>
        </test-method> <!-- getUsersList2 -->
        <test-method signature="getUsersList3()[pri:3, instance:ReqResMockAPIAutomation.FetchGetUsers@48075da3]" started-at="2024-11-01T13:37:16 IST" name="getUsersList3" finished-at="2024-11-01T13:37:18 IST" duration-ms="1209" status="PASS">
          <reporter-output>
          </reporter-output>
        </test-method> <!-- getUsersList3 -->
      </class> <!-- ReqResMockAPIAutomation.FetchGetUsers -->
    </test> <!-- Default test -->
  </suite> <!-- Default suite -->
</testng-results>
