<?xml version="1.0" encoding="UTF-8"?>
<testng-results ignored="0" total="3" passed="3" failed="0" skipped="0">
  <reporter-output>
  </reporter-output>
  <suite started-at="2024-10-31T23:21:58 IST" name="Default suite" finished-at="2024-10-31T23:22:03 IST" duration-ms="5267">
    <groups>
    </groups>
    <test started-at="2024-10-31T23:21:58 IST" name="Default test" finished-at="2024-10-31T23:22:03 IST" duration-ms="5267">
      <class name="ReqResMockAPIAutomation.FetchGetUsers">
        <test-method signature="getUsersList()[pri:1, instance:ReqResMockAPIAutomation.FetchGetUsers@48075da3]" started-at="2024-10-31T23:21:58 IST" name="getUsersList" finished-at="2024-10-31T23:22:02 IST" duration-ms="3565" status="PASS">
          <reporter-output>
          </reporter-output>
        </test-method> <!-- getUsersList -->
        <test-method signature="getUsersList2()[pri:2, instance:ReqResMockAPIAutomation.FetchGetUsers@48075da3]" started-at="2024-10-31T23:22:02 IST" name="getUsersList2" finished-at="2024-10-31T23:22:02 IST" duration-ms="292" status="PASS">
          <reporter-output>
          </reporter-output>
        </test-method> <!-- getUsersList2 -->
        <test-method signature="getUsersList3()[pri:3, instance:ReqResMockAPIAutomation.FetchGetUsers@48075da3]" started-at="2024-10-31T23:22:02 IST" name="getUsersList3" finished-at="2024-10-31T23:22:03 IST" duration-ms="1292" status="PASS">
          <reporter-output>
          </reporter-output>
        </test-method> <!-- getUsersList3 -->
      </class> <!-- ReqResMockAPIAutomation.FetchGetUsers -->
    </test> <!-- Default test -->
  </suite> <!-- Default suite -->
</testng-results>
