<?xml version="1.0" encoding="UTF-8"?>
<!-- Generated by org.testng.reporters.JUnitXMLReporter -->
<testsuite ignored="0" hostname="DESKTOP-021TREC" failures="0" tests="3" name="Default test" time="5.267" errors="0" timestamp="2024-10-31T23:22:03 IST">
  <testcase classname="ReqResMockAPIAutomation.FetchGetUsers" name="getUsersList" time="3.565"/>
  <testcase classname="ReqResMockAPIAutomation.FetchGetUsers" name="getUsersList2" time="0.292"/>
  <testcase classname="ReqResMockAPIAutomation.FetchGetUsers" name="getUsersList3" time="1.292"/>
</testsuite> <!-- Default test -->
