<?xml version="1.0" encoding="UTF-8"?>
<!-- Generated by org.testng.reporters.JUnitXMLReporter -->
<testsuite ignored="0" hostname="DESKTOP-021TREC" failures="0" tests="3" name="Default test" time="4.952" errors="0" timestamp="2024-11-01T13:37:18 IST">
  <testcase classname="ReqResMockAPIAutomation.FetchGetUsers" name="getUsersList" time="3.348"/>
  <testcase classname="ReqResMockAPIAutomation.FetchGetUsers" name="getUsersList2" time="0.257"/>
  <testcase classname="ReqResMockAPIAutomation.FetchGetUsers" name="getUsersList3" time="1.209"/>
</testsuite> <!-- Default test -->
